Arguments: 
  /Users/ltan/.nvm/versions/node/v14.0.0/bin/node /usr/local/bin/yarn add @types/globe.gl

PATH: 
  /Users/ltan/.nvm/versions/node/v14.0.0/bin:/Users/ltan/.nvm/versions/node/v10.15.3/bin:/usr/local/bin:/usr/bin:/bin:/usr/sbin:/sbin:/Users/ltan/.nvm/versions/node/v10.15.3/bin

Yarn version: 
  1.22.15

Node version: 
  14.0.0

Platform: 
  darwin x64

Trace: 
  Error: https://registry.yarnpkg.com/@types%2fglobe.gl: Not found
      at Request.params.callback [as _callback] (/usr/local/lib/node_modules/yarn/lib/cli.js:66140:18)
      at Request.self.callback (/usr/local/lib/node_modules/yarn/lib/cli.js:140885:22)
      at Request.emit (events.js:315:20)
      at Request.<anonymous> (/usr/local/lib/node_modules/yarn/lib/cli.js:141857:10)
      at Request.emit (events.js:315:20)
      at IncomingMessage.<anonymous> (/usr/local/lib/node_modules/yarn/lib/cli.js:141779:12)
      at Object.onceWrapper (events.js:421:28)
      at IncomingMessage.emit (events.js:327:22)
      at endReadableNT (_stream_readable.js:1218:12)
      at processTicksAndRejections (internal/process/task_queues.js:84:21)

npm manifest: 
  {
    "dependencies": {
      "globe.gl": "^2.26.1"
    }
  }

yarn manifest: 
  No manifest

Lockfile: 
  # THIS IS AN AUTOGENERATED FILE. DO NOT EDIT THIS FILE DIRECTLY.
  # yarn lockfile v1
  
  
  "@babel/runtime@^7.17.8":
    version "7.17.9"
    resolved "https://registry.yarnpkg.com/@babel/runtime/-/runtime-7.17.9.tgz#d19fbf802d01a8cb6cf053a64e472d42c434ba72"
    integrity sha512-lSiBBvodq29uShpWGNbgFdKYNiFDo5/HIYsaCEY9ff4sb10x9jizo2+pRrSyF4jKZCXqgzuqBOQKbUm90gQwJg==
    dependencies:
      regenerator-runtime "^0.13.4"
  
  "@turf/boolean-point-in-polygon@^6.5":
    version "6.5.0"
    resolved "https://registry.yarnpkg.com/@turf/boolean-point-in-polygon/-/boolean-point-in-polygon-6.5.0.tgz#6d2e9c89de4cd2e4365004c1e51490b7795a63cf"
    integrity sha512-DtSuVFB26SI+hj0SjrvXowGTUCHlgevPAIsukssW6BG5MlNSBQAo70wpICBNJL6RjukXg8d2eXaAWuD/CqL00A==
    dependencies:
      "@turf/helpers" "^6.5.0"
      "@turf/invariant" "^6.5.0"
  
  "@turf/helpers@^6.5.0":
    version "6.5.0"
    resolved "https://registry.yarnpkg.com/@turf/helpers/-/helpers-6.5.0.tgz#f79af094bd6b8ce7ed2bd3e089a8493ee6cae82e"
    integrity sha512-VbI1dV5bLFzohYYdgqwikdMVpe7pJ9X3E+dlr425wa2/sMJqYDhTO++ec38/pcPvPE6oD9WEEeU3Xu3gza+VPw==
  
  "@turf/invariant@^6.5.0":
    version "6.5.0"
    resolved "https://registry.yarnpkg.com/@turf/invariant/-/invariant-6.5.0.tgz#970afc988023e39c7ccab2341bd06979ddc7463f"
    integrity sha512-Wv8PRNCtPD31UVbdJE/KVAWKe7l6US+lJItRR/HOEW3eh+U/JwRCSUl/KZ7bmjM/C+zLNoreM2TU6OoLACs4eg==
    dependencies:
      "@turf/helpers" "^6.5.0"
  
  "@tweenjs/tween.js@18", "@tweenjs/tween.js@^18.6":
    version "18.6.4"
    resolved "https://registry.yarnpkg.com/@tweenjs/tween.js/-/tween.js-18.6.4.tgz#40a3d0a93647124872dec8e0fd1bd5926695b6ca"
    integrity sha512-lB9lMjuqjtuJrx7/kOkqQBtllspPIN+96OvTCeJ2j5FEzinoAXTdAMFnDAQT1KVPRlnYfBrqxtqP66vDM40xxQ==
  
  accessor-fn@1:
    version "1.3.2"
    resolved "https://registry.yarnpkg.com/accessor-fn/-/accessor-fn-1.3.2.tgz#66074d0127367e996197197822fae846ef0928e7"
    integrity sha512-W4/Lj/gry8AHy+IC7Havr7fNbphHDzVAiZd5h10g8LRRz6ZKla3A1/lkFqoV1jh13R0eJLGWjDBlRGK36fcWiw==
  
  "d3-array@1 - 3", "d3-array@2 - 3", "d3-array@2.10.0 - 3", "d3-array@2.5.0 - 3", d3-array@3:
    version "3.1.6"
    resolved "https://registry.yarnpkg.com/d3-array/-/d3-array-3.1.6.tgz#0342c835925826f49b4d16eb7027aec334ffc97d"
    integrity sha512-DCbBBNuKOeiR9h04ySRBMW52TFVc91O9wJziuyXw6Ztmy8D3oZbmCkOO3UHKC7ceNJsN2Mavo9+vwV8EAEUXzA==
    dependencies:
      internmap "1 - 2"
  
  "d3-color@1 - 3":
    version "3.1.0"
    resolved "https://registry.yarnpkg.com/d3-color/-/d3-color-3.1.0.tgz#395b2833dfac71507f12ac2f7af23bf819de24e2"
    integrity sha512-zg/chbXyeBtMQ1LbD/WSoW2DpC3I0mpmPdW+ynRTj/x2DAWYrIY7qeZIHidozwV24m4iavr15lNwIwLxRmOxhA==
  
  d3-delaunay@6:
    version "6.0.2"
    resolved "https://registry.yarnpkg.com/d3-delaunay/-/d3-delaunay-6.0.2.tgz#7fd3717ad0eade2fc9939f4260acfb503f984e92"
    integrity sha512-IMLNldruDQScrcfT+MWnazhHbDJhcRJyOEBAJfwQnHle1RPh6WDuLvxNArUju2VSMSUuKlY5BGHRJ2cYyoFLQQ==
    dependencies:
      delaunator "5"
  
  "d3-format@1 - 3":
    version "3.1.0"
    resolved "https://registry.yarnpkg.com/d3-format/-/d3-format-3.1.0.tgz#9260e23a28ea5cb109e93b21a06e24e2ebd55641"
    integrity sha512-YyUI6AEuY/Wpt8KWLgZHsIU86atmikuoOmCfommt0LYHiQSPjvX2AcFc38PX0CBpr2RCyZhjex+NS/LPOv6YqA==
  
  d3-geo-voronoi@^2.0:
    version "2.0.1"
    resolved "https://registry.yarnpkg.com/d3-geo-voronoi/-/d3-geo-voronoi-2.0.1.tgz#c80cf467f55799d82b8ad0d863711d06660785df"
    integrity sha512-KeBrhSLyN6fdcjGxpmil9I7JNsRQIbp58PybKFnebG1qpbwon5ia43epUpYgjgZZxfrhjb+3up0f6IwkQuPkwg==
    dependencies:
      d3-array "3"
      d3-delaunay "6"
      d3-geo "3"
      d3-tricontour "1"
  
  "d3-geo@1 - 3", d3-geo@3:
    version "3.0.1"
    resolved "https://registry.yarnpkg.com/d3-geo/-/d3-geo-3.0.1.tgz#4f92362fd8685d93e3b1fae0fd97dc8980b1ed7e"
    integrity sha512-Wt23xBych5tSy9IYAM1FR2rWIBFWa52B/oF/GYe5zbdHrg08FU8+BuI6X4PvTwPDdqdAdq04fuWJpELtsaEjeA==
    dependencies:
      d3-array "2.5.0 - 3"
  
  "d3-interpolate@1 - 3", "d3-interpolate@1.2.0 - 3":
    version "3.0.1"
    resolved "https://registry.yarnpkg.com/d3-interpolate/-/d3-interpolate-3.0.1.tgz#3c47aa5b32c5b3dfb56ef3fd4342078a632b400d"
    integrity sha512-3bYs1rOD33uo8aqJfKP3JWPAibgw8Zm2+L9vBKEHJ2Rg+viTR7o5Mmv5mZcieN+FRYaAOWX5SJATX6k1PWz72g==
    dependencies:
      d3-color "1 - 3"
  
  "d3-scale@1 - 4", d3-scale@4:
    version "4.0.2"
    resolved "https://registry.yarnpkg.com/d3-scale/-/d3-scale-4.0.2.tgz#82b38e8e8ff7080764f8dcec77bd4be393689396"
    integrity sha512-GZW464g1SH7ag3Y7hXjf8RoUuAFIqklOAq3MRl4OaWabTFJY9PN/E1YklhXLh+OQ3fM9yS2nOkCoS+WLZ6kvxQ==
    dependencies:
      d3-array "2.10.0 - 3"
      d3-format "1 - 3"
      d3-interpolate "1.2.0 - 3"
      d3-time "2.1.1 - 3"
      d3-time-format "2 - 4"
  
  "d3-time-format@2 - 4":
    version "4.1.0"
    resolved "https://registry.yarnpkg.com/d3-time-format/-/d3-time-format-4.1.0.tgz#7ab5257a5041d11ecb4fe70a5c7d16a195bb408a"
    integrity sha512-dJxPBlzC7NugB2PDLwo9Q8JiTR3M3e4/XANkreKSUxF8vvXKqm1Yfq4Q5dl8budlunRVlUUaDUgFt7eA8D6NLg==
    dependencies:
      d3-time "1 - 3"
  
  "d3-time@1 - 3", "d3-time@2.1.1 - 3":
    version "3.0.0"
    resolved "https://registry.yarnpkg.com/d3-time/-/d3-time-3.0.0.tgz#65972cb98ae2d4954ef5c932e8704061335d4975"
    integrity sha512-zmV3lRnlaLI08y9IMRXSDshQb5Nj77smnfpnd2LrBa/2K281Jijactokeak14QacHs/kKq0AQ121nidNYlarbQ==
    dependencies:
      d3-array "2 - 3"
  
  d3-tricontour@1:
    version "1.0.2"
    resolved "https://registry.yarnpkg.com/d3-tricontour/-/d3-tricontour-1.0.2.tgz#2dbc1f2ae667d3586e50b01d4f335644a2472e75"
    integrity sha512-HIRxHzHagPtUPNabjOlfcyismJYIsc+Xlq4mlsts4e8eAcwyq9Tgk/sYdyhlBpQ0MHwVquc/8j+e29YjXnmxeA==
    dependencies:
      d3-delaunay "6"
      d3-scale "4"
  
  data-joint@^1.2:
    version "1.2.5"
    resolved "https://registry.yarnpkg.com/data-joint/-/data-joint-1.2.5.tgz#6a10b028fa3036d6733fe2549cf9c3d1683781f8"
    integrity sha512-OcGbcTctTq7AdiWAzJdktyzi5wVzv7q6291BsKLdxVdyrsx9pZLb9QIpxavWHMd+OS5DgJgfhgoM4jjF//DRqg==
    dependencies:
      index-array-by "^1.3.1"
  
  debounce@^1.2.1:
    version "1.2.1"
    resolved "https://registry.yarnpkg.com/debounce/-/debounce-1.2.1.tgz#38881d8f4166a5c5848020c11827b834bcb3e0a5"
    integrity sha512-XRRe6Glud4rd/ZGQfiV1ruXSfbvfJedlV9Y6zOlP+2K04vBYiJEte6stfFkCP03aMnY5tsipamumUjL14fofug==
  
  delaunator@5:
    version "5.0.0"
    resolved "https://registry.yarnpkg.com/delaunator/-/delaunator-5.0.0.tgz#60f052b28bd91c9b4566850ebf7756efe821d81b"
    integrity sha512-AyLvtyJdbv/U1GkiS6gUUzclRoAY4Gs75qkMygJJhU75LW4DNuSF2RMzpxs9jw9Oz1BobHjTdkG3zdP55VxAqw==
    dependencies:
      robust-predicates "^3.0.0"
  
  earcut@2:
    version "2.2.3"
    resolved "https://registry.yarnpkg.com/earcut/-/earcut-2.2.3.tgz#d44ced2ff5a18859568e327dd9c7d46b16f55cf4"
    integrity sha512-iRDI1QeCQIhMCZk48DRDMVgQSSBDmbzzNhnxIo+pwx3swkfjMh6vh0nWLq1NdvGHLKH6wIrAM3vQWeTj6qeoug==
  
  frame-ticker@1:
    version "1.0.3"
    resolved "https://registry.yarnpkg.com/frame-ticker/-/frame-ticker-1.0.3.tgz#2c99d3febb493fd1d3621351cd003189794a1245"
    integrity sha1-LJnT/rtJP9HTYhNRzQAxiXlKEkU=
    dependencies:
      simplesignal "^2.1.6"
  
  globe.gl@^2.26.1:
    version "2.26.1"
    resolved "https://registry.yarnpkg.com/globe.gl/-/globe.gl-2.26.1.tgz#465a0e6897ccb26f61f59241e14486e8cd2c8add"
    integrity sha512-kNEw4qAHQYHpVACsM/KdDj6bddSgOEbkRsMUUK7wPiCBB9zgnlSUPkkEgjZ333ltunO/i3S6Rek/74wUByxeGw==
    dependencies:
      "@tweenjs/tween.js" "^18.6"
      accessor-fn "1"
      kapsule "^1.13"
      three ">=0.118 <1"
      three-globe "^2.24"
      three-render-objects "^1.26"
  
  h3-js@3:
    version "3.7.2"
    resolved "https://registry.yarnpkg.com/h3-js/-/h3-js-3.7.2.tgz#61d4feb7bb42868ca9cdb2d5cf9d9dda94f9e5a3"
    integrity sha512-LPjlHSwB9zQZrMqKloCZmmmt3yZzIK7nqPcXqwU93zT3TtYG6jP4tZBzAPouxut7lLjdFbMQ75wRBiKfpsnY7w==
  
  index-array-by@1, index-array-by@^1.3.1:
    version "1.3.2"
    resolved "https://registry.yarnpkg.com/index-array-by/-/index-array-by-1.3.2.tgz#d3f208af6f1e2776b00560e4ae572368405d4c28"
    integrity sha512-OIiTTJ4bfAcHTcMUZp3nmSpxAES+nARZNADnGBhg7OjywT8caxm3FR8fdnSnZIF1LvKDk5wN05oBF6qkVk2ZFg==
  
  "internmap@1 - 2":
    version "2.0.3"
    resolved "https://registry.yarnpkg.com/internmap/-/internmap-2.0.3.tgz#6685f23755e43c524e251d29cbc97248e3061009"
    integrity sha512-5Hh7Y1wQbvY5ooGgPbDaL5iYLAPzMTUrjMulskHLH6wnv/A+1q5rgEaiuqEjB+oxGXIVZs1FF+R/KPN3ZSQYYg==
  
  kapsule@^1.13:
    version "1.13.7"
    resolved "https://registry.yarnpkg.com/kapsule/-/kapsule-1.13.7.tgz#63d7e48ef7cf7232374dce53a3650a30d28610ee"
    integrity sha512-CKhyHyKyz5bYehAzz95U0ji5T9f4P0RXXPqQ2tGKjuTz3bJnHIUj8vCzGjnhFZ4XYtVT2wMvIq8D8Awb5rawcQ==
    dependencies:
      debounce "^1.2.1"
  
  polished@4:
    version "4.2.2"
    resolved "https://registry.yarnpkg.com/polished/-/polished-4.2.2.tgz#2529bb7c3198945373c52e34618c8fe7b1aa84d1"
    integrity sha512-Sz2Lkdxz6F2Pgnpi9U5Ng/WdWAUZxmHrNPoVlm3aAemxoy2Qy7LGjQg4uf8qKelDAUW94F4np3iH2YPf2qefcQ==
    dependencies:
      "@babel/runtime" "^7.17.8"
  
  regenerator-runtime@^0.13.4:
    version "0.13.9"
    resolved "https://registry.yarnpkg.com/regenerator-runtime/-/regenerator-runtime-0.13.9.tgz#8925742a98ffd90814988d7566ad30ca3b263b52"
    integrity sha512-p3VT+cOEgxFsRRA9X4lkI1E+k2/CtnKtU4gcxyaCUreilL/vqI6CdZ3wxVUx3UOUg+gnUOQQcRI7BmSI656MYA==
  
  robust-predicates@^3.0.0:
    version "3.0.1"
    resolved "https://registry.yarnpkg.com/robust-predicates/-/robust-predicates-3.0.1.tgz#ecde075044f7f30118682bd9fb3f123109577f9a"
    integrity sha512-ndEIpszUHiG4HtDsQLeIuMvRsDnn8c8rYStabochtUeCvfuvNptb5TUbVD68LRAILPX7p9nqQGh4xJgn3EHS/g==
  
  simplesignal@^2.1.6:
    version "2.1.7"
    resolved "https://registry.yarnpkg.com/simplesignal/-/simplesignal-2.1.7.tgz#8e15978b1f8b44d55bd7d7081dc37b7147cf129f"
    integrity sha1-jhWXix+LRNVb19cIHcN7cUfPEp8=
  
  three-conic-polygon-geometry@^1.5:
    version "1.5.1"
    resolved "https://registry.yarnpkg.com/three-conic-polygon-geometry/-/three-conic-polygon-geometry-1.5.1.tgz#a54223817964c4e6687e25ceefdfb38e1facb40e"
    integrity sha512-T6O76fhvknLCSH6zl6gtNWFwqw5TQ9HbSkOvNelJemT0cJO9PVj1HIsvRZqGxNT4WAWsij1v5naeS25sozUmrg==
    dependencies:
      "@turf/boolean-point-in-polygon" "^6.5"
      d3-array "1 - 3"
      d3-geo "1 - 3"
      d3-geo-voronoi "^2.0"
      d3-scale "1 - 4"
      delaunator "5"
      earcut "2"
  
  three-fatline@^0.5:
    version "0.5.3"
    resolved "https://registry.yarnpkg.com/three-fatline/-/three-fatline-0.5.3.tgz#20837874f1a2bbaad56bb662088db2d8c575c52d"
    integrity sha512-oKpBkodXLim6STcM6mbdZT4i0PwsXnjHzsEo6I0OO7HHkbkV1XJ+mvmuMDwmfAxT5PjJDbQhvrB1lfoGjEQdUg==
  
  three-geojson-geometry@^1.1:
    version "1.1.7"
    resolved "https://registry.yarnpkg.com/three-geojson-geometry/-/three-geojson-geometry-1.1.7.tgz#8897ee7d39b6d1e07f4f0462535455dac33ac272"
    integrity sha512-JhZ22lX4ghYsQ9XF6reaRfB+pnjJ8csDcS9Sy6TosBp0BkckbE+pqUWO8bn2tLY/3PqHf9Hcz/njNgvCLSRKzA==
    dependencies:
      d3-geo "1 - 3"
      earcut "2"
  
  three-globe@^2.24:
    version "2.24.4"
    resolved "https://registry.yarnpkg.com/three-globe/-/three-globe-2.24.4.tgz#c18ef82c10ac20645da1f39178d97e268fda4ed7"
    integrity sha512-+0t4XU4oV2sRnzTCWGJ+JyCIY7E3RbC/w9MU1MWBmiHfTaEkhbmacgU7H5Cow+VzWv+S6sxznc5NxxLi/Mufkw==
    dependencies:
      "@tweenjs/tween.js" "18"
      accessor-fn "1"
      d3-geo "1 - 3"
      d3-interpolate "1 - 3"
      d3-scale "1 - 4"
      data-joint "^1.2"
      earcut "2"
      frame-ticker "1"
      h3-js "3"
      index-array-by "1"
      kapsule "^1.13"
      three-conic-polygon-geometry "^1.5"
      three-fatline "^0.5"
      three-geojson-geometry "^1.1"
      tinycolor2 "^1.4"
  
  three-render-objects@^1.26:
    version "1.26.8"
    resolved "https://registry.yarnpkg.com/three-render-objects/-/three-render-objects-1.26.8.tgz#14c3d58f9da59ef15792cdf95dee56139ce0d166"
    integrity sha512-pCu439/SM2OOnDB71a52b005TGP7Hk1e0h7kBoCHaiQK9lmxXIpatDy9RdcQjz5Vx1Ug1Hsywcasq0pSlvxjCQ==
    dependencies:
      "@tweenjs/tween.js" "18"
      accessor-fn "1"
      kapsule "^1.13"
      polished "4"
  
  "three@>=0.118 <1":
    version "0.140.0"
    resolved "https://registry.yarnpkg.com/three/-/three-0.140.0.tgz#5ad85df954c63015337a846134e0daa6c7c0dead"
    integrity sha512-jcHjbnYspPLDdsDQChmzyAoZ5KhJbgFk6pNGlAIc9fQMvsfPGjF5H9glrngqvb2CR/qXcClMyp5PYdF996lldA==
  
  tinycolor2@^1.4:
    version "1.4.2"
    resolved "https://registry.yarnpkg.com/tinycolor2/-/tinycolor2-1.4.2.tgz#3f6a4d1071ad07676d7fa472e1fac40a719d8803"
    integrity sha512-vJhccZPs965sV/L2sU4oRQVAos0pQXwsvTLkWYdqJ+a8Q5kPFzJTuOFwy7UniPli44NKQGAglksjvOcpo95aZA==
